0 info it worked if it ends with ok
1 verbose cli [ '/usr/bin/node', '/usr/bin/npm', 'run', 'test' ]
2 info using npm@3.10.10
3 info using node@v6.14.0
4 verbose run-script [ 'pretest', 'test', 'posttest' ]
5 info lifecycle navalBattle@0.1.0~pretest: navalBattle@0.1.0
6 silly lifecycle navalBattle@0.1.0~pretest: no script for pretest, continuing
7 info lifecycle navalBattle@0.1.0~test: navalBattle@0.1.0
8 verbose lifecycle navalBattle@0.1.0~test: unsafe-perm in lifecycle true
9 verbose lifecycle navalBattle@0.1.0~test: PATH: /usr/lib/node_modules/npm/bin/node-gyp-bin:/home/Vincent.Vilerio/Dev/navalBattle/node_modules/.bin:/home/Vincent.Vilerio/.npm-global/bin:/home/Vincent.Vilerio/.npm-global/bin:/usr/local/bin:/usr/bin:/bin:/usr/local/sbin:/usr/sbin:/home/Vincent.Vilerio/.local/bin:/home/Vincent.Vilerio/bin
10 verbose lifecycle navalBattle@0.1.0~test: CWD: /home/Vincent.Vilerio/Dev/navalBattle
11 silly lifecycle navalBattle@0.1.0~test: Args: [ '-c',
11 silly lifecycle   './node_modules/mocha/bin/mocha  --reporter spec --require ts-node/register ./test/*.spec.ts' ]
12 silly lifecycle navalBattle@0.1.0~test: Returned: code: 1  signal: null
13 info lifecycle navalBattle@0.1.0~test: Failed to exec test script
14 verbose stack Error: navalBattle@0.1.0 test: `./node_modules/mocha/bin/mocha  --reporter spec --require ts-node/register ./test/*.spec.ts`
14 verbose stack Exit status 1
14 verbose stack     at EventEmitter.<anonymous> (/usr/lib/node_modules/npm/lib/utils/lifecycle.js:255:16)
14 verbose stack     at emitTwo (events.js:106:13)
14 verbose stack     at EventEmitter.emit (events.js:191:7)
14 verbose stack     at ChildProcess.<anonymous> (/usr/lib/node_modules/npm/lib/utils/spawn.js:40:14)
14 verbose stack     at emitTwo (events.js:106:13)
14 verbose stack     at ChildProcess.emit (events.js:191:7)
14 verbose stack     at maybeClose (internal/child_process.js:920:16)
14 verbose stack     at Process.ChildProcess._handle.onexit (internal/child_process.js:230:5)
15 verbose pkgid navalBattle@0.1.0
16 verbose cwd /home/Vincent.Vilerio/Dev/navalBattle
17 error Linux 4.15.14-200.fc26.x86_64
18 error argv "/usr/bin/node" "/usr/bin/npm" "run" "test"
19 error node v6.14.0
20 error npm  v3.10.10
21 error code ELIFECYCLE
22 error navalBattle@0.1.0 test: `./node_modules/mocha/bin/mocha  --reporter spec --require ts-node/register ./test/*.spec.ts`
22 error Exit status 1
23 error Failed at the navalBattle@0.1.0 test script './node_modules/mocha/bin/mocha  --reporter spec --require ts-node/register ./test/*.spec.ts'.
23 error Make sure you have the latest version of node.js and npm installed.
23 error If you do, this is most likely a problem with the navalBattle package,
23 error not with npm itself.
23 error Tell the author that this fails on your system:
23 error     ./node_modules/mocha/bin/mocha  --reporter spec --require ts-node/register ./test/*.spec.ts
23 error You can get information on how to open an issue for this project with:
23 error     npm bugs navalBattle
23 error Or if that isn't available, you can get their info via:
23 error     npm owner ls navalBattle
23 error There is likely additional logging output above.
24 verbose exit [ 1, true ]
